<?xml version="1.0" encoding="UTF-8"?>
<!-- Generated by org.testng.reporters.JUnitXMLReporter -->
<testsuite ignored="0" hostname="DESKTOP-TT3UMVU" failures="1" tests="2" name="Firefox Run" time="18.744" errors="0" timestamp="2025-06-22T20:25:27 IST">
  <testcase classname="io.cucumber.testng.AbstractTestNGCucumberTests" name="runScenario" time="17.342"/>
  <testcase classname="io.cucumber.testng.AbstractTestNGCucumberTests" name="runScenario" time="0.023">
    <failure type="java.lang.NullPointerException" message="Cannot invoke &amp;quot;String.equalsIgnoreCase(String)&amp;quot; because &amp;quot;BrowserType&amp;quot; is null">
      <![CDATA[java.lang.NullPointerException: Cannot invoke "String.equalsIgnoreCase(String)" because "BrowserType" is null
at baseclass.BaseClass.launchApp(BaseClass.java:74)
at hooks.Hooks.setUp(Hooks.java:78)
]]>
    </failure>
  </testcase> <!-- runScenario -->
</testsuite> <!-- Firefox Run -->
