<?xml version="1.0" encoding="UTF-8"?>
<!-- Generated by org.testng.reporters.JUnitXMLReporter -->
<testsuite ignored="0" hostname="DESKTOP-TT3UMVU" failures="0" tests="0" name="FlakyRun" time="0.03" errors="0" timestamp="2025-08-19T08:38:42 IST">
  <testcase classname="io.cucumber.testng.AbstractTestNGCucumberTests" name="@BeforeClass setUpClass" time="0.026">
    <failure type="java.lang.RuntimeException" message="java.nio.file.NoSuchFileException: target\rerun.txt">
      <![CDATA[java.lang.RuntimeException: java.nio.file.NoSuchFileException: target\rerun.txt
at io.cucumber.core.options.RerunPath.listRerunFiles(RerunPath.java:56)
at io.cucumber.core.options.RerunPath.parse(RerunPath.java:33)
at io.cucumber.core.options.FeatureWithLinesOrRerunPath.parse(FeatureWithLinesOrRerunPath.java:48)
at io.cucumber.core.options.CucumberOptionsAnnotationParser.addFeatures(CucumberOptionsAnnotationParser.java:133)
at io.cucumber.core.options.CucumberOptionsAnnotationParser.parse(CucumberOptionsAnnotationParser.java:44)
at io.cucumber.testng.TestNGCucumberRunner.<init>(TestNGCucumberRunner.java:85)
at io.cucumber.testng.AbstractTestNGCucumberTests.setUpClass(AbstractTestNGCucumberTests.java:27)
at java.base/java.util.ArrayList.forEach(ArrayList.java:1511)
at java.base/java.util.concurrent.FutureTask.run(FutureTask.java:264)
at java.base/java.util.concurrent.ThreadPoolExecutor.runWorker(ThreadPoolExecutor.java:1136)
at java.base/java.util.concurrent.ThreadPoolExecutor$Worker.run(ThreadPoolExecutor.java:635)
at java.base/java.lang.Thread.run(Thread.java:842)
Caused by: java.nio.file.NoSuchFileException: target\rerun.txt
at java.base/sun.nio.fs.WindowsException.translateToIOException(WindowsException.java:85)
at java.base/sun.nio.fs.WindowsException.rethrowAsIOException(WindowsException.java:103)
at java.base/sun.nio.fs.WindowsException.rethrowAsIOException(WindowsException.java:108)
at java.base/sun.nio.fs.WindowsFileAttributeViews$Basic.readAttributes(WindowsFileAttributeViews.java:53)
at java.base/sun.nio.fs.WindowsFileAttributeViews$Basic.readAttributes(WindowsFileAttributeViews.java:38)
at java.base/sun.nio.fs.WindowsFileSystemProvider.readAttributes(WindowsFileSystemProvider.java:199)
at java.base/java.nio.file.Files.readAttributes(Files.java:1851)
at java.base/java.nio.file.FileTreeWalker.getAttributes(FileTreeWalker.java:220)
at java.base/java.nio.file.FileTreeWalker.visit(FileTreeWalker.java:277)
at java.base/java.nio.file.FileTreeWalker.walk(FileTreeWalker.java:323)
at java.base/java.nio.file.Files.walkFileTree(Files.java:2804)
at java.base/java.nio.file.Files.walkFileTree(Files.java:2882)
at io.cucumber.core.options.RerunPath.listRerunFiles(RerunPath.java:53)
... 27 more
... Removed 16 stack frames]]>
    </failure>
  </testcase> <!-- @BeforeClass setUpClass -->
  <testcase classname="runner.FlakyTestRunner" name="@BeforeClass setBrowser" time="-1.755572922206E9">
    <skipped/>
  </testcase> <!-- @BeforeClass setBrowser -->
</testsuite> <!-- FlakyRun -->
